<?xml version="1.0" encoding="UTF-8"?>
<!-- Generated by org.testng.reporters.JUnitXMLReporter -->
<testsuite ignored="0" hostname="Sanjays-MacBook-Pro.local" failures="0" tests="5" name="Surefire test" time="0.068" errors="0" timestamp="2022-06-23T18:29:33 EDT">
  <testcase classname="base.base.CommonAPI" name="@BeforeMethod setUp" time="0.016">
    <failure type="java.lang.NullPointerException" message="Cannot invoke &amp;quot;org.openqa.selenium.WebDriver.manage()&amp;quot; because &amp;quot;this.driver&amp;quot; is null">
      <![CDATA[java.lang.NullPointerException: Cannot invoke "org.openqa.selenium.WebDriver.manage()" because "this.driver" is null
at base.base.CommonAPI.setUp(CommonAPI.java:77)
at java.base/java.util.ArrayList.forEach(ArrayList.java:1511)
... Removed 34 stack frames]]>
    </failure>
  </testcase> <!-- @BeforeMethod setUp -->
  <testcase classname="base.base.CommonAPI" name="@AfterMethod tearDown" time="0.0">
    <skipped/>
  </testcase> <!-- @AfterMethod tearDown -->
  <testcase classname="base.base.CommonAPI" name="@BeforeMethod setUp" time="0.0">
    <skipped/>
  </testcase> <!-- @BeforeMethod setUp -->
  <testcase classname="base.base.CommonAPI" name="@AfterMethod tearDown" time="0.0">
    <skipped/>
  </testcase> <!-- @AfterMethod tearDown -->
  <testcase classname="base.base.CommonAPI" name="@BeforeMethod setUp" time="0.0">
    <skipped/>
  </testcase> <!-- @BeforeMethod setUp -->
  <testcase classname="base.base.CommonAPI" name="@AfterMethod tearDown" time="0.0">
    <skipped/>
  </testcase> <!-- @AfterMethod tearDown -->
  <testcase classname="base.base.CommonAPI" name="@BeforeMethod setUp" time="0.003">
    <failure type="java.lang.NullPointerException" message="Cannot invoke &amp;quot;org.openqa.selenium.WebDriver.manage()&amp;quot; because &amp;quot;this.driver&amp;quot; is null">
      <![CDATA[java.lang.NullPointerException: Cannot invoke "org.openqa.selenium.WebDriver.manage()" because "this.driver" is null
at base.base.CommonAPI.setUp(CommonAPI.java:77)
at java.base/java.util.ArrayList.forEach(ArrayList.java:1511)
... Removed 34 stack frames]]>
    </failure>
  </testcase> <!-- @BeforeMethod setUp -->
  <testcase classname="base.base.CommonAPI" name="@AfterMethod tearDown" time="0.0">
    <skipped/>
  </testcase> <!-- @AfterMethod tearDown -->
  <testcase classname="base.base.CommonAPI" name="@BeforeMethod setUp" time="0.0">
    <skipped/>
  </testcase> <!-- @BeforeMethod setUp -->
  <testcase classname="base.base.CommonAPI" name="@AfterMethod tearDown" time="0.0">
    <skipped/>
  </testcase> <!-- @AfterMethod tearDown -->
  <testcase classname="com.saucedemo.LoginTest" name="LoginWithInvalidPassword" time="0.0">
    <skipped/>
  </testcase> <!-- LoginWithInvalidPassword -->
  <testcase classname="com.saucedemo.LoginTest" name="LoginWithInvalidUsername" time="0.0">
    <skipped/>
  </testcase> <!-- LoginWithInvalidUsername -->
  <testcase classname="com.saucedemo.LoginTest" name="LoginWithValidCredentials" time="0.0">
    <skipped/>
  </testcase> <!-- LoginWithValidCredentials -->
  <testcase classname="com.saucedemo.BasicComponentTest" name="checkPresenceOfLoginPageComponents" time="0.0">
    <skipped/>
  </testcase> <!-- checkPresenceOfLoginPageComponents -->
  <testcase classname="com.saucedemo.BasicComponentTest" name="checkUserLandOnTheRightWebsite" time="0.0">
    <skipped/>
  </testcase> <!-- checkUserLandOnTheRightWebsite -->
</testsuite> <!-- Surefire test -->
