<?xml version="1.0" encoding="UTF-8"?>
<!-- Generated by org.testng.reporters.JUnitXMLReporter -->
<testsuite ignored="0" hostname="Sanjays-MacBook-Pro.local" failures="0" tests="3" name="Add Item to cart page" time="19.59" errors="0" timestamp="2022-07-11T10:05:04 EDT">
  <testcase classname="com.saucedemo.AddItemToCartTest" name="VerifyCheckoutBtn" time="3.655"/>
  <testcase classname="com.saucedemo.AddItemToCartTest" name="VerifyContinueShoppingBtn" time="3.827"/>
  <testcase classname="com.saucedemo.AddItemToCartTest" name="VerifyThePresenceComponentsOfCartPage" time="3.557"/>
</testsuite> <!-- Add Item to cart page -->
