<?xml version="1.0" encoding="UTF-8"?>
<!-- Generated by org.testng.reporters.JUnitXMLReporter -->
<testsuite ignored="0" hostname="Sanjays-MacBook-Pro.local" failures="0" tests="3" name="Add Item to cart page" time="20.445" errors="0" timestamp="2022-07-21T22:57:29 EDT">
  <testcase classname="com.saucedemo.AddItemToCartTest" name="VerifyCheckoutBtn" time="3.468"/>
  <testcase classname="com.saucedemo.AddItemToCartTest" name="VerifyContinueShoppingBtn" time="3.64"/>
  <testcase classname="com.saucedemo.AddItemToCartTest" name="VerifyThePresenceComponentsOfCartPage" time="3.505"/>
</testsuite> <!-- Add Item to cart page -->
