<?xml version="1.0" encoding="UTF-8"?>
<!-- Generated by org.testng.reporters.JUnitXMLReporter -->
<testsuite ignored="0" hostname="Sanjays-MacBook-Pro.local" failures="1" tests="2" name="basic components" time="14.501" errors="0" timestamp="2022-07-01T23:16:33 EDT">
  <testcase classname="com.saucedemo.HomePageTest" name="checkPresenceOfLoginPageComponents" time="8.679">
    <failure type="org.openqa.selenium.NoSuchWindowException" message="no such window: target window already closed
from unknown error: web view not found
  (Session info: chrome=103.0.5060.53)
Build info: version: &amp;apos;4.2.2&amp;apos;, revision: &amp;apos;683ccb65d6&amp;apos;
System info: host: &amp;apos;Sanjays-MacBook-Pro.local&amp;apos;, ip: &amp;apos;2603:7000:7801:9e73:294d:c56:808:e136%en0&amp;apos;, os.name: &amp;apos;Mac OS X&amp;apos;, os.arch: &amp;apos;x86_64&amp;apos;, os.version: &amp;apos;11.6.5&amp;apos;, java.version: &amp;apos;18.0.1&amp;apos;
Driver info: org.openqa.selenium.chrome.ChromeDriver
Command: [1eb727ce2546fc1645fa550bb3261824, findElement {using=id, value=user-name}]
Capabilities {acceptInsecureCerts: false, browserName: chrome, browserVersion: 103.0.5060.53, chrome: {chromedriverVersion: 102.0.5005.61 (0e59bcc00cc4..., userDataDir: /var/folders/7b/tx_tstfn4kb...}, goog:chromeOptions: {debuggerAddress: localhost:54830}, networkConnectionEnabled: false, pageLoadStrategy: normal, platformName: MAC, proxy: Proxy(), se:cdp: ws://localhost:54830/devtoo..., se:cdpVersion: 103.0.5060.53, setWindowRect: true, strictFileInteractability: false, timeouts: {implicit: 0, pageLoad: 300000, script: 30000}, unhandledPromptBehavior: dismiss and notify, webauthn:extension:credBlob: true, webauthn:extension:largeBlob: true, webauthn:virtualAuthenticators: true}
Session ID: 1eb727ce2546fc1645fa550bb3261824">
      <![CDATA[org.openqa.selenium.NoSuchWindowException: no such window: target window already closed
from unknown error: web view not found
  (Session info: chrome=103.0.5060.53)
Build info: version: '4.2.2', revision: '683ccb65d6'
System info: host: 'Sanjays-MacBook-Pro.local', ip: '2603:7000:7801:9e73:294d:c56:808:e136%en0', os.name: 'Mac OS X', os.arch: 'x86_64', os.version: '11.6.5', java.version: '18.0.1'
Driver info: org.openqa.selenium.chrome.ChromeDriver
Command: [1eb727ce2546fc1645fa550bb3261824, findElement {using=id, value=user-name}]
Capabilities {acceptInsecureCerts: false, browserName: chrome, browserVersion: 103.0.5060.53, chrome: {chromedriverVersion: 102.0.5005.61 (0e59bcc00cc4..., userDataDir: /var/folders/7b/tx_tstfn4kb...}, goog:chromeOptions: {debuggerAddress: localhost:54830}, networkConnectionEnabled: false, pageLoadStrategy: normal, platformName: MAC, proxy: Proxy(), se:cdp: ws://localhost:54830/devtoo..., se:cdpVersion: 103.0.5060.53, setWindowRect: true, strictFileInteractability: false, timeouts: {implicit: 0, pageLoad: 300000, script: 30000}, unhandledPromptBehavior: dismiss and notify, webauthn:extension:credBlob: true, webauthn:extension:largeBlob: true, webauthn:virtualAuthenticators: true}
Session ID: 1eb727ce2546fc1645fa550bb3261824
at org.openqa.selenium.remote.codec.w3c.W3CHttpResponseCodec.createException(W3CHttpResponseCodec.java:200)
at org.openqa.selenium.remote.codec.w3c.W3CHttpResponseCodec.decode(W3CHttpResponseCodec.java:133)
at org.openqa.selenium.remote.codec.w3c.W3CHttpResponseCodec.decode(W3CHttpResponseCodec.java:53)
at org.openqa.selenium.remote.HttpCommandExecutor.execute(HttpCommandExecutor.java:184)
at org.openqa.selenium.remote.service.DriverCommandExecutor.invokeExecute(DriverCommandExecutor.java:167)
at org.openqa.selenium.remote.service.DriverCommandExecutor.execute(DriverCommandExecutor.java:142)
at org.openqa.selenium.remote.RemoteWebDriver.execute(RemoteWebDriver.java:588)
at org.openqa.selenium.remote.ElementLocation$ElementFinder$2.findElement(ElementLocation.java:162)
at org.openqa.selenium.remote.ElementLocation.findElement(ElementLocation.java:60)
at org.openqa.selenium.remote.RemoteWebDriver.findElement(RemoteWebDriver.java:406)
at org.openqa.selenium.remote.RemoteWebDriver.findElement(RemoteWebDriver.java:398)
at org.openqa.selenium.support.pagefactory.DefaultElementLocator.findElement(DefaultElementLocator.java:70)
at org.openqa.selenium.support.pagefactory.internal.LocatingElementHandler.invoke(LocatingElementHandler.java:39)
at jdk.proxy2/jdk.proxy2.$Proxy22.isDisplayed(Unknown Source)
at base.base.CommonAPI.isPresent(CommonAPI.java:186)
at pages.LoginPages.checkUserNameFieldPresence(LoginPages.java:26)
at pages.LoginPages.checkUserNameFieldPresence(LoginPages.java:27)
at pages.LoginPages.checkUserNameFieldPresence(LoginPages.java:27)
at pages.LoginPages.checkUserNameFieldPresence(LoginPages.java:27)
at pages.LoginPages.checkUserNameFieldPresence(LoginPages.java:27)
at pages.LoginPages.checkUserNameFieldPresence(LoginPages.java:27)
at pages.LoginPages.checkUserNameFieldPresence(LoginPages.java:27)
at pages.LoginPages.checkUserNameFieldPresence(LoginPages.java:27)
at pages.LoginPages.checkUserNameFieldPresence(LoginPages.java:27)
at pages.LoginPages.checkUserNameFieldPresence(LoginPages.java:27)
at pages.LoginPages.checkUserNameFieldPresence(LoginPages.java:27)
at pages.LoginPages.checkUserNameFieldPresence(LoginPages.java:27)
at pages.LoginPages.checkUserNameFieldPresence(LoginPages.java:27)
at pages.LoginPages.checkUserNameFieldPresence(LoginPages.java:27)
at pages.LoginPages.checkUserNameFieldPresence(LoginPages.java:27)
at pages.LoginPages.checkUserNameFieldPresence(LoginPages.java:27)
at pages.LoginPages.checkUserNameFieldPresence(LoginPages.java:27)
at pages.LoginPages.checkUserNameFieldPresence(LoginPages.java:27)
at pages.LoginPages.checkUserNameFieldPresence(LoginPages.java:27)
at pages.LoginPages.checkUserNameFieldPresence(LoginPages.java:27)
at pages.LoginPages.checkUserNameFieldPresence(LoginPages.java:27)
at pages.LoginPages.checkUserNameFieldPresence(LoginPages.java:27)
at pages.LoginPages.checkUserNameFieldPresence(LoginPages.java:27)
at pages.LoginPages.checkUserNameFieldPresence(LoginPages.java:27)
at pages.LoginPages.checkUserNameFieldPresence(LoginPages.java:27)
at pages.LoginPages.checkUserNameFieldPresence(LoginPages.java:27)
at pages.LoginPages.checkUserNameFieldPresence(LoginPages.java:27)
at pages.LoginPages.checkUserNameFieldPresence(LoginPages.java:27)
at pages.LoginPages.checkUserNameFieldPresence(LoginPages.java:27)
at pages.LoginPages.checkUserNameFieldPresence(LoginPages.java:27)
at pages.LoginPages.checkUserNameFieldPresence(LoginPages.java:27)
at pages.LoginPages.checkUserNameFieldPresence(LoginPages.java:27)
at pages.LoginPages.checkUserNameFieldPresence(LoginPages.java:27)
at pages.LoginPages.checkUserNameFieldPresence(LoginPages.java:27)
at pages.LoginPages.checkUserNameFieldPresence(LoginPages.java:27)
at pages.LoginPages.checkUserNameFieldPresence(LoginPages.java:27)
at pages.LoginPages.checkUserNameFieldPresence(LoginPages.java:27)
at pages.LoginPages.checkUserNameFieldPresence(LoginPages.java:27)
at pages.LoginPages.checkUserNameFieldPresence(LoginPages.java:27)
at pages.LoginPages.checkUserNameFieldPresence(LoginPages.java:27)
at pages.LoginPages.checkUserNameFieldPresence(LoginPages.java:27)
at pages.LoginPages.checkUserNameFieldPresence(LoginPages.java:27)
at pages.LoginPages.checkUserNameFieldPresence(LoginPages.java:27)
at pages.LoginPages.checkUserNameFieldPresence(LoginPages.java:27)
at pages.LoginPages.checkUserNameFieldPresence(LoginPages.java:27)
at pages.LoginPages.checkUserNameFieldPresence(LoginPages.java:27)
at pages.LoginPages.checkUserNameFieldPresence(LoginPages.java:27)
at pages.LoginPages.checkUserNameFieldPresence(LoginPages.java:27)
at pages.LoginPages.checkUserNameFieldPresence(LoginPages.java:27)
at pages.LoginPages.checkUserNameFieldPresence(LoginPages.java:27)
at pages.LoginPages.checkUserNameFieldPresence(LoginPages.java:27)
at pages.LoginPages.checkUserNameFieldPresence(LoginPages.java:27)
at pages.LoginPages.checkUserNameFieldPresence(LoginPages.java:27)
at pages.LoginPages.checkUserNameFieldPresence(LoginPages.java:27)
at pages.LoginPages.checkUserNameFieldPresence(LoginPages.java:27)
at pages.LoginPages.checkUserNameFieldPresence(LoginPages.java:27)
at pages.LoginPages.checkUserNameFieldPresence(LoginPages.java:27)
at pages.LoginPages.checkUserNameFieldPresence(LoginPages.java:27)
at pages.LoginPages.checkUserNameFieldPresence(LoginPages.java:27)
at pages.LoginPages.checkUserNameFieldPresence(LoginPages.java:27)
at pages.LoginPages.checkUserNameFieldPresence(LoginPages.java:27)
at pages.LoginPages.checkUserNameFieldPresence(LoginPages.java:27)
at pages.LoginPages.checkUserNameFieldPresence(LoginPages.java:27)
at pages.LoginPages.checkUserNameFieldPresence(LoginPages.java:27)
at pages.LoginPages.checkUserNameFieldPresence(LoginPages.java:27)
at pages.LoginPages.checkUserNameFieldPresence(LoginPages.java:27)
at pages.LoginPages.checkUserNameFieldPresence(LoginPages.java:27)
at pages.LoginPages.checkUserNameFieldPresence(LoginPages.java:27)
at pages.LoginPages.checkUserNameFieldPresence(LoginPages.java:27)
at pages.LoginPages.checkUserNameFieldPresence(LoginPages.java:27)
at pages.LoginPages.checkUserNameFieldPresence(LoginPages.java:27)
at pages.LoginPages.checkUserNameFieldPresence(LoginPages.java:27)
at pages.LoginPages.checkUserNameFieldPresence(LoginPages.java:27)
at pages.LoginPages.checkUserNameFieldPresence(LoginPages.java:27)
at pages.LoginPages.checkUserNameFieldPresence(LoginPages.java:27)
at pages.LoginPages.checkUserNameFieldPresence(LoginPages.java:27)
at pages.LoginPages.checkUserNameFieldPresence(LoginPages.java:27)
at pages.LoginPages.checkUserNameFieldPresence(LoginPages.java:27)
at pages.LoginPages.checkUserNameFieldPresence(LoginPages.java:27)
at pages.LoginPages.checkUserNameFieldPresence(LoginPages.java:27)
at pages.LoginPages.checkUserNameFieldPresence(LoginPages.java:27)
at pages.LoginPages.checkUserNameFieldPresence(LoginPages.java:27)
at pages.LoginPages.checkUserNameFieldPresence(LoginPages.java:27)
at pages.LoginPages.checkUserNameFieldPresence(LoginPages.java:27)
at pages.LoginPages.checkUserNameFieldPresence(LoginPages.java:27)
at pages.LoginPages.checkUserNameFieldPresence(LoginPages.java:27)
at pages.LoginPages.checkUserNameFieldPresence(LoginPages.java:27)
at pages.LoginPages.checkUserNameFieldPresence(LoginPages.java:27)
at pages.LoginPages.checkUserNameFieldPresence(LoginPages.java:27)
at pages.LoginPages.checkUserNameFieldPresence(LoginPages.java:27)
at pages.LoginPages.checkUserNameFieldPresence(LoginPages.java:27)
at pages.LoginPages.checkUserNameFieldPresence(LoginPages.java:27)
at pages.LoginPages.checkUserNameFieldPresence(LoginPages.java:27)
at pages.LoginPages.checkUserNameFieldPresence(LoginPages.java:27)
at pages.LoginPages.checkUserNameFieldPresence(LoginPages.java:27)
at pages.LoginPages.checkUserNameFieldPresence(LoginPages.java:27)
at pages.LoginPages.checkUserNameFieldPresence(LoginPages.java:27)
at pages.LoginPages.checkUserNameFieldPresence(LoginPages.java:27)
at pages.LoginPages.checkUserNameFieldPresence(LoginPages.java:27)
at pages.LoginPages.checkUserNameFieldPresence(LoginPages.java:27)
at pages.LoginPages.checkUserNameFieldPresence(LoginPages.java:27)
at pages.LoginPages.checkUserNameFieldPresence(LoginPages.java:27)
at pages.LoginPages.checkUserNameFieldPresence(LoginPages.java:27)
at pages.LoginPages.checkUserNameFieldPresence(LoginPages.java:27)
at pages.LoginPages.checkUserNameFieldPresence(LoginPages.java:27)
at pages.LoginPages.checkUserNameFieldPresence(LoginPages.java:27)
at pages.LoginPages.checkUserNameFieldPresence(LoginPages.java:27)
at pages.LoginPages.checkUserNameFieldPresence(LoginPages.java:27)
at pages.LoginPages.checkUserNameFieldPresence(LoginPages.java:27)
at pages.LoginPages.checkUserNameFieldPresence(LoginPages.java:27)
at pages.LoginPages.checkUserNameFieldPresence(LoginPages.java:27)
at pages.LoginPages.checkUserNameFieldPresence(LoginPages.java:27)
at pages.LoginPages.checkUserNameFieldPresence(LoginPages.java:27)
at pages.LoginPages.checkUserNameFieldPresence(LoginPages.java:27)
at pages.LoginPages.checkUserNameFieldPresence(LoginPages.java:27)
at pages.LoginPages.checkUserNameFieldPresence(LoginPages.java:27)
at pages.LoginPages.checkUserNameFieldPresence(LoginPages.java:27)
at pages.LoginPages.checkUserNameFieldPresence(LoginPages.java:27)
at pages.LoginPages.checkUserNameFieldPresence(LoginPages.java:27)
at pages.LoginPages.checkUserNameFieldPresence(LoginPages.java:27)
at pages.LoginPages.checkUserNameFieldPresence(LoginPages.java:27)
at pages.LoginPages.checkUserNameFieldPresence(LoginPages.java:27)
at pages.LoginPages.checkUserNameFieldPresence(LoginPages.java:27)
at pages.LoginPages.checkUserNameFieldPresence(LoginPages.java:27)
at pages.LoginPages.checkUserNameFieldPresence(LoginPages.java:27)
at pages.LoginPages.checkUserNameFieldPresence(LoginPages.java:27)
at pages.LoginPages.checkUserNameFieldPresence(LoginPages.java:27)
at pages.LoginPages.checkUserNameFieldPresence(LoginPages.java:27)
at pages.LoginPages.checkUserNameFieldPresence(LoginPages.java:27)
at pages.LoginPages.checkUserNameFieldPresence(LoginPages.java:27)
at pages.LoginPages.checkUserNameFieldPresence(LoginPages.java:27)
at pages.LoginPages.checkUserNameFieldPresence(LoginPages.java:27)
at pages.LoginPages.checkUserNameFieldPresence(LoginPages.java:27)
at pages.LoginPages.checkUserNameFieldPresence(LoginPages.java:27)
at pages.LoginPages.checkUserNameFieldPresence(LoginPages.java:27)
at pages.LoginPages.checkUserNameFieldPresence(LoginPages.java:27)
at pages.LoginPages.checkUserNameFieldPresence(LoginPages.java:27)
at pages.LoginPages.checkUserNameFieldPresence(LoginPages.java:27)
at pages.LoginPages.checkUserNameFieldPresence(LoginPages.java:27)
at pages.LoginPages.checkUserNameFieldPresence(LoginPages.java:27)
at pages.LoginPages.checkUserNameFieldPresence(LoginPages.java:27)
at pages.LoginPages.checkUserNameFieldPresence(LoginPages.java:27)
at pages.LoginPages.checkUserNameFieldPresence(LoginPages.java:27)
at pages.LoginPages.checkUserNameFieldPresence(LoginPages.java:27)
at pages.LoginPages.checkUserNameFieldPresence(LoginPages.java:27)
at pages.LoginPages.checkUserNameFieldPresence(LoginPages.java:27)
at pages.LoginPages.checkUserNameFieldPresence(LoginPages.java:27)
at pages.LoginPages.checkUserNameFieldPresence(LoginPages.java:27)
at pages.LoginPages.checkUserNameFieldPresence(LoginPages.java:27)
at pages.LoginPages.checkUserNameFieldPresence(LoginPages.java:27)
at pages.LoginPages.checkUserNameFieldPresence(LoginPages.java:27)
at pages.LoginPages.checkUserNameFieldPresence(LoginPages.java:27)
at pages.LoginPages.checkUserNameFieldPresence(LoginPages.java:27)
at pages.LoginPages.checkUserNameFieldPresence(LoginPages.java:27)
at pages.LoginPages.checkUserNameFieldPresence(LoginPages.java:27)
at pages.LoginPages.checkUserNameFieldPresence(LoginPages.java:27)
at pages.LoginPages.checkUserNameFieldPresence(LoginPages.java:27)
at pages.LoginPages.checkUserNameFieldPresence(LoginPages.java:27)
at pages.LoginPages.checkUserNameFieldPresence(LoginPages.java:27)
at pages.LoginPages.checkUserNameFieldPresence(LoginPages.java:27)
at pages.LoginPages.checkUserNameFieldPresence(LoginPages.java:27)
at pages.LoginPages.checkUserNameFieldPresence(LoginPages.java:27)
at pages.LoginPages.checkUserNameFieldPresence(LoginPages.java:27)
at pages.LoginPages.checkUserNameFieldPresence(LoginPages.java:27)
at pages.LoginPages.checkUserNameFieldPresence(LoginPages.java:27)
at pages.LoginPages.checkUserNameFieldPresence(LoginPages.java:27)
at pages.LoginPages.checkUserNameFieldPresence(LoginPages.java:27)
at pages.LoginPages.checkUserNameFieldPresence(LoginPages.java:27)
at pages.LoginPages.checkUserNameFieldPresence(LoginPages.java:27)
at pages.LoginPages.checkUserNameFieldPresence(LoginPages.java:27)
at pages.LoginPages.checkUserNameFieldPresence(LoginPages.java:27)
at pages.LoginPages.checkUserNameFieldPresence(LoginPages.java:27)
at pages.LoginPages.checkUserNameFieldPresence(LoginPages.java:27)
at pages.LoginPages.checkUserNameFieldPresence(LoginPages.java:27)
at pages.LoginPages.checkUserNameFieldPresence(LoginPages.java:27)
at pages.LoginPages.checkUserNameFieldPresence(LoginPages.java:27)
at pages.LoginPages.checkUserNameFieldPresence(LoginPages.java:27)
at pages.LoginPages.checkUserNameFieldPresence(LoginPages.java:27)
at pages.LoginPages.checkUserNameFieldPresence(LoginPages.java:27)
at pages.LoginPages.checkUserNameFieldPresence(LoginPages.java:27)
at pages.LoginPages.checkUserNameFieldPresence(LoginPages.java:27)
at pages.LoginPages.checkUserNameFieldPresence(LoginPages.java:27)
at pages.LoginPages.checkUserNameFieldPresence(LoginPages.java:27)
at pages.LoginPages.checkUserNameFieldPresence(LoginPages.java:27)
at pages.LoginPages.checkUserNameFieldPresence(LoginPages.java:27)
at pages.LoginPages.checkUserNameFieldPresence(LoginPages.java:27)
at pages.LoginPages.checkUserNameFieldPresence(LoginPages.java:27)
at pages.LoginPages.checkUserNameFieldPresence(LoginPages.java:27)
at pages.LoginPages.checkUserNameFieldPresence(LoginPages.java:27)
at pages.LoginPages.checkUserNameFieldPresence(LoginPages.java:27)
at pages.LoginPages.checkUserNameFieldPresence(LoginPages.java:27)
at pages.LoginPages.checkUserNameFieldPresence(LoginPages.java:27)
at pages.LoginPages.checkUserNameFieldPresence(LoginPages.java:27)
at pages.LoginPages.checkUserNameFieldPresence(LoginPages.java:27)
at pages.LoginPages.checkUserNameFieldPresence(LoginPages.java:27)
at pages.LoginPages.checkUserNameFieldPresence(LoginPages.java:27)
at pages.LoginPages.checkUserNameFieldPresence(LoginPages.java:27)
at pages.LoginPages.checkUserNameFieldPresence(LoginPages.java:27)
at pages.LoginPages.checkUserNameFieldPresence(LoginPages.java:27)
at pages.LoginPages.checkUserNameFieldPresence(LoginPages.java:27)
at pages.LoginPages.checkUserNameFieldPresence(LoginPages.java:27)
at pages.LoginPages.checkUserNameFieldPresence(LoginPages.java:27)
at pages.LoginPages.checkUserNameFieldPresence(LoginPages.java:27)
at pages.LoginPages.checkUserNameFieldPresence(LoginPages.java:27)
at pages.LoginPages.checkUserNameFieldPresence(LoginPages.java:27)
at pages.LoginPages.checkUserNameFieldPresence(LoginPages.java:27)
at pages.LoginPages.checkUserNameFieldPresence(LoginPages.java:27)
at pages.LoginPages.checkUserNameFieldPresence(LoginPages.java:27)
at pages.LoginPages.checkUserNameFieldPresence(LoginPages.java:27)
at pages.LoginPages.checkUserNameFieldPresence(LoginPages.java:27)
at pages.LoginPages.checkUserNameFieldPresence(LoginPages.java:27)
at pages.LoginPages.checkUserNameFieldPresence(LoginPages.java:27)
at pages.LoginPages.checkUserNameFieldPresence(LoginPages.java:27)
at pages.LoginPages.checkUserNameFieldPresence(LoginPages.java:27)
at pages.LoginPages.checkUserNameFieldPresence(LoginPages.java:27)
at pages.LoginPages.checkUserNameFieldPresence(LoginPages.java:27)
at pages.LoginPages.checkUserNameFieldPresence(LoginPages.java:27)
at pages.LoginPages.checkUserNameFieldPresence(LoginPages.java:27)
at pages.LoginPages.checkUserNameFieldPresence(LoginPages.java:27)
at pages.LoginPages.checkUserNameFieldPresence(LoginPages.java:27)
at pages.LoginPages.checkUserNameFieldPresence(LoginPages.java:27)
at pages.LoginPages.checkUserNameFieldPresence(LoginPages.java:27)
at pages.LoginPages.checkUserNameFieldPresence(LoginPages.java:27)
at pages.LoginPages.checkUserNameFieldPresence(LoginPages.java:27)
at pages.LoginPages.checkUserNameFieldPresence(LoginPages.java:27)
at pages.LoginPages.checkUserNameFieldPresence(LoginPages.java:27)
at pages.LoginPages.checkUserNameFieldPresence(LoginPages.java:27)
at pages.LoginPages.checkUserNameFieldPresence(LoginPages.java:27)
at pages.LoginPages.checkUserNameFieldPresence(LoginPages.java:27)
at pages.LoginPages.checkUserNameFieldPresence(LoginPages.java:27)
at pages.LoginPages.checkUserNameFieldPresence(LoginPages.java:27)
at pages.LoginPages.checkUserNameFieldPresence(LoginPages.java:27)
at pages.LoginPages.checkUserNameFieldPresence(LoginPages.java:27)
at pages.LoginPages.checkUserNameFieldPresence(LoginPages.java:27)
at pages.LoginPages.checkUserNameFieldPresence(LoginPages.java:27)
at pages.LoginPages.checkUserNameFieldPresence(LoginPages.java:27)
at pages.LoginPages.checkUserNameFieldPresence(LoginPages.java:27)
at pages.LoginPages.checkUserNameFieldPresence(LoginPages.java:27)
at pages.LoginPages.checkUserNameFieldPresence(LoginPages.java:27)
at pages.LoginPages.checkUserNameFieldPresence(LoginPages.java:27)
at pages.LoginPages.checkUserNameFieldPresence(LoginPages.java:27)
at pages.LoginPages.checkUserNameFieldPresence(LoginPages.java:27)
at pages.LoginPages.checkUserNameFieldPresence(LoginPages.java:27)
at pages.LoginPages.checkUserNameFieldPresence(LoginPages.java:27)
at pages.LoginPages.checkUserNameFieldPresence(LoginPages.java:27)
at pages.LoginPages.checkUserNameFieldPresence(LoginPages.java:27)
at pages.LoginPages.checkUserNameFieldPresence(LoginPages.java:27)
at pages.LoginPages.checkUserNameFieldPresence(LoginPages.java:27)
at pages.LoginPages.checkUserNameFieldPresence(LoginPages.java:27)
at pages.LoginPages.checkUserNameFieldPresence(LoginPages.java:27)
at pages.LoginPages.checkUserNameFieldPresence(LoginPages.java:27)
at pages.LoginPages.checkUserNameFieldPresence(LoginPages.java:27)
at pages.LoginPages.checkUserNameFieldPresence(LoginPages.java:27)
at pages.LoginPages.checkUserNameFieldPresence(LoginPages.java:27)
at pages.LoginPages.checkUserNameFieldPresence(LoginPages.java:27)
at pages.LoginPages.checkUserNameFieldPresence(LoginPages.java:27)
at pages.LoginPages.checkUserNameFieldPresence(LoginPages.java:27)
at pages.LoginPages.checkUserNameFieldPresence(LoginPages.java:27)
at pages.LoginPages.checkUserNameFieldPresence(LoginPages.java:27)
at pages.LoginPages.checkUserNameFieldPresence(LoginPages.java:27)
at pages.LoginPages.checkUserNameFieldPresence(LoginPages.java:27)
at pages.LoginPages.checkUserNameFieldPresence(LoginPages.java:27)
at pages.LoginPages.checkUserNameFieldPresence(LoginPages.java:27)
at pages.LoginPages.checkUserNameFieldPresence(LoginPages.java:27)
at pages.LoginPages.checkUserNameFieldPresence(LoginPages.java:27)
at pages.LoginPages.checkUserNameFieldPresence(LoginPages.java:27)
at pages.LoginPages.checkUserNameFieldPresence(LoginPages.java:27)
at pages.LoginPages.checkUserNameFieldPresence(LoginPages.java:27)
at pages.LoginPages.checkUserNameFieldPresence(LoginPages.java:27)
at pages.LoginPages.checkUserNameFieldPresence(LoginPages.java:27)
at pages.LoginPages.checkUserNameFieldPresence(LoginPages.java:27)
at pages.LoginPages.checkUserNameFieldPresence(LoginPages.java:27)
at pages.LoginPages.checkUserNameFieldPresence(LoginPages.java:27)
at pages.LoginPages.checkUserNameFieldPresence(LoginPages.java:27)
at pages.LoginPages.checkUserNameFieldPresence(LoginPages.java:27)
at pages.LoginPages.checkUserNameFieldPresence(LoginPages.java:27)
at pages.LoginPages.checkUserNameFieldPresence(LoginPages.java:27)
at pages.LoginPages.checkUserNameFieldPresence(LoginPages.java:27)
at pages.LoginPages.checkUserNameFieldPresence(LoginPages.java:27)
at pages.LoginPages.checkUserNameFieldPresence(LoginPages.java:27)
at pages.LoginPages.checkUserNameFieldPresence(LoginPages.java:27)
at pages.LoginPages.checkUserNameFieldPresence(LoginPages.java:27)
at pages.LoginPages.checkUserNameFieldPresence(LoginPages.java:27)
at pages.LoginPages.checkUserNameFieldPresence(LoginPages.java:27)
at pages.LoginPages.checkUserNameFieldPresence(LoginPages.java:27)
at pages.LoginPages.checkUserNameFieldPresence(LoginPages.java:27)
at pages.LoginPages.checkUserNameFieldPresence(LoginPages.java:27)
at pages.LoginPages.checkUserNameFieldPresence(LoginPages.java:27)
at pages.LoginPages.checkUserNameFieldPresence(LoginPages.java:27)
at pages.LoginPages.checkUserNameFieldPresence(LoginPages.java:27)
at pages.LoginPages.checkUserNameFieldPresence(LoginPages.java:27)
at pages.LoginPages.checkUserNameFieldPresence(LoginPages.java:27)
at pages.LoginPages.checkUserNameFieldPresence(LoginPages.java:27)
at pages.LoginPages.checkUserNameFieldPresence(LoginPages.java:27)
at pages.LoginPages.checkUserNameFieldPresence(LoginPages.java:27)
at pages.LoginPages.checkUserNameFieldPresence(LoginPages.java:27)
at pages.LoginPages.checkUserNameFieldPresence(LoginPages.java:27)
at pages.LoginPages.checkUserNameFieldPresence(LoginPages.java:27)
at pages.LoginPages.checkUserNameFieldPresence(LoginPages.java:27)
at pages.LoginPages.checkUserNameFieldPresence(LoginPages.java:27)
at pages.LoginPages.checkUserNameFieldPresence(LoginPages.java:27)
at pages.LoginPages.checkUserNameFieldPresence(LoginPages.java:27)
at pages.LoginPages.checkUserNameFieldPresence(LoginPages.java:27)
at pages.LoginPages.checkUserNameFieldPresence(LoginPages.java:27)
at pages.LoginPages.checkUserNameFieldPresence(LoginPages.java:27)
at pages.LoginPages.checkUserNameFieldPresence(LoginPages.java:27)
at pages.LoginPages.checkUserNameFieldPresence(LoginPages.java:27)
at pages.LoginPages.checkUserNameFieldPresence(LoginPages.java:27)
at pages.LoginPages.checkUserNameFieldPresence(LoginPages.java:27)
at pages.LoginPages.checkUserNameFieldPresence(LoginPages.java:27)
at pages.LoginPages.checkUserNameFieldPresence(LoginPages.java:27)
at pages.LoginPages.checkUserNameFieldPresence(LoginPages.java:27)
at pages.LoginPages.checkUserNameFieldPresence(LoginPages.java:27)
at pages.LoginPages.checkUserNameFieldPresence(LoginPages.java:27)
at pages.LoginPages.checkUserNameFieldPresence(LoginPages.java:27)
at pages.LoginPages.checkUserNameFieldPresence(LoginPages.java:27)
at pages.LoginPages.checkUserNameFieldPresence(LoginPages.java:27)
at pages.LoginPages.checkUserNameFieldPresence(LoginPages.java:27)
at pages.LoginPages.checkUserNameFieldPresence(LoginPages.java:27)
at pages.LoginPages.checkUserNameFieldPresence(LoginPages.java:27)
at pages.LoginPages.checkUserNameFieldPresence(LoginPages.java:27)
at pages.LoginPages.checkUserNameFieldPresence(LoginPages.java:27)
at pages.LoginPages.checkUserNameFieldPresence(LoginPages.java:27)
at pages.LoginPages.checkUserNameFieldPresence(LoginPages.java:27)
at pages.LoginPages.checkUserNameFieldPresence(LoginPages.java:27)
at pages.LoginPages.checkUserNameFieldPresence(LoginPages.java:27)
at pages.LoginPages.checkUserNameFieldPresence(LoginPages.java:27)
at pages.LoginPages.checkUserNameFieldPresence(LoginPages.java:27)
at pages.LoginPages.checkUserNameFieldPresence(LoginPages.java:27)
at pages.LoginPages.checkUserNameFieldPresence(LoginPages.java:27)
at pages.LoginPages.checkUserNameFieldPresence(LoginPages.java:27)
at pages.LoginPages.checkUserNameFieldPresence(LoginPages.java:27)
at pages.LoginPages.checkUserNameFieldPresence(LoginPages.java:27)
at pages.LoginPages.checkUserNameFieldPresence(LoginPages.java:27)
at pages.LoginPages.checkUserNameFieldPresence(LoginPages.java:27)
at pages.LoginPages.checkUserNameFieldPresence(LoginPages.java:27)
at pages.LoginPages.checkUserNameFieldPresence(LoginPages.java:27)
at pages.LoginPages.checkUserNameFieldPresence(LoginPages.java:27)
at pages.LoginPages.checkUserNameFieldPresence(LoginPages.java:27)
at pages.LoginPages.checkUserNameFieldPresence(LoginPages.java:27)
at pages.LoginPages.checkUserNameFieldPresence(LoginPages.java:27)
at pages.LoginPages.checkUserNameFieldPresence(LoginPages.java:27)
at pages.LoginPages.checkUserNameFieldPresence(LoginPages.java:27)
at pages.LoginPages.checkUserNameFieldPresence(LoginPages.java:27)
at pages.LoginPages.checkUserNameFieldPresence(LoginPages.java:27)
at pages.LoginPages.checkUserNameFieldPresence(LoginPages.java:27)
at pages.LoginPages.checkUserNameFieldPresence(LoginPages.java:27)
at pages.LoginPages.checkUserNameFieldPresence(LoginPages.java:27)
at pages.LoginPages.checkUserNameFieldPresence(LoginPages.java:27)
at pages.LoginPages.checkUserNameFieldPresence(LoginPages.java:27)
at pages.LoginPages.checkUserNameFieldPresence(LoginPages.java:27)
at pages.LoginPages.checkUserNameFieldPresence(LoginPages.java:27)
at pages.LoginPages.checkUserNameFieldPresence(LoginPages.java:27)
at pages.LoginPages.checkUserNameFieldPresence(LoginPages.java:27)
at pages.LoginPages.checkUserNameFieldPresence(LoginPages.java:27)
at pages.LoginPages.checkUserNameFieldPresence(LoginPages.java:27)
at pages.LoginPages.checkUserNameFieldPresence(LoginPages.java:27)
at pages.LoginPages.checkUserNameFieldPresence(LoginPages.java:27)
at pages.LoginPages.checkUserNameFieldPresence(LoginPages.java:27)
at pages.LoginPages.checkUserNameFieldPresence(LoginPages.java:27)
at pages.LoginPages.checkUserNameFieldPresence(LoginPages.java:27)
at pages.LoginPages.checkUserNameFieldPresence(LoginPages.java:27)
at pages.LoginPages.checkUserNameFieldPresence(LoginPages.java:27)
at pages.LoginPages.checkUserNameFieldPresence(LoginPages.java:27)
at pages.LoginPages.checkUserNameFieldPresence(LoginPages.java:27)
at pages.LoginPages.checkUserNameFieldPresence(LoginPages.java:27)
at pages.LoginPages.checkUserNameFieldPresence(LoginPages.java:27)
at pages.LoginPages.checkUserNameFieldPresence(LoginPages.java:27)
at pages.LoginPages.checkUserNameFieldPresence(LoginPages.java:27)
at pages.LoginPages.checkUserNameFieldPresence(LoginPages.java:27)
at pages.LoginPages.checkUserNameFieldPresence(LoginPages.java:27)
at pages.LoginPages.checkUserNameFieldPresence(LoginPages.java:27)
at pages.LoginPages.checkUserNameFieldPresence(LoginPages.java:27)
at pages.LoginPages.checkUserNameFieldPresence(LoginPages.java:27)
at pages.LoginPages.checkUserNameFieldPresence(LoginPages.java:27)
at pages.LoginPages.checkUserNameFieldPresence(LoginPages.java:27)
at pages.LoginPages.checkUserNameFieldPresence(LoginPages.java:27)
at pages.LoginPages.checkUserNameFieldPresence(LoginPages.java:27)
at pages.LoginPages.checkUserNameFieldPresence(LoginPages.java:27)
at pages.LoginPages.checkUserNameFieldPresence(LoginPages.java:27)
at pages.LoginPages.checkUserNameFieldPresence(LoginPages.java:27)
at pages.LoginPages.checkUserNameFieldPresence(LoginPages.java:27)
at pages.LoginPages.checkUserNameFieldPresence(LoginPages.java:27)
at pages.LoginPages.checkUserNameFieldPresence(LoginPages.java:27)
at pages.LoginPages.checkUserNameFieldPresence(LoginPages.java:27)
at pages.LoginPages.checkUserNameFieldPresence(LoginPages.java:27)
at pages.LoginPages.checkUserNameFieldPresence(LoginPages.java:27)
at pages.LoginPages.checkUserNameFieldPresence(LoginPages.java:27)
at pages.LoginPages.checkUserNameFieldPresence(LoginPages.java:27)
at pages.LoginPages.checkUserNameFieldPresence(LoginPages.java:27)
at pages.LoginPages.checkUserNameFieldPresence(LoginPages.java:27)
at pages.LoginPages.checkUserNameFieldPresence(LoginPages.java:27)
at pages.LoginPages.checkUserNameFieldPresence(LoginPages.java:27)
at pages.LoginPages.checkUserNameFieldPresence(LoginPages.java:27)
at pages.LoginPages.checkUserNameFieldPresence(LoginPages.java:27)
at pages.LoginPages.checkUserNameFieldPresence(LoginPages.java:27)
at pages.LoginPages.checkUserNameFieldPresence(LoginPages.java:27)
at pages.LoginPages.checkUserNameFieldPresence(LoginPages.java:27)
at pages.LoginPages.checkUserNameFieldPresence(LoginPages.java:27)
at pages.LoginPages.checkUserNameFieldPresence(LoginPages.java:27)
at pages.LoginPages.checkUserNameFieldPresence(LoginPages.java:27)
at pages.LoginPages.checkUserNameFieldPresence(LoginPages.java:27)
at pages.LoginPages.checkUserNameFieldPresence(LoginPages.java:27)
at pages.LoginPages.checkUserNameFieldPresence(LoginPages.java:27)
at pages.LoginPages.checkUserNameFieldPresence(LoginPages.java:27)
at pages.LoginPages.checkUserNameFieldPresence(LoginPages.java:27)
at pages.LoginPages.checkUserNameFieldPresence(LoginPages.java:27)
at pages.LoginPages.checkUserNameFieldPresence(LoginPages.java:27)
at pages.LoginPages.checkUserNameFieldPresence(LoginPages.java:27)
at pages.LoginPages.checkUserNameFieldPresence(LoginPages.java:27)
at pages.LoginPages.checkUserNameFieldPresence(LoginPages.java:27)
at pages.LoginPages.checkUserNameFieldPresence(LoginPages.java:27)
at pages.LoginPages.checkUserNameFieldPresence(LoginPages.java:27)
at pages.LoginPages.checkUserNameFieldPresence(LoginPages.java:27)
at pages.LoginPages.checkUserNameFieldPresence(LoginPages.java:27)
at pages.LoginPages.checkUserNameFieldPresence(LoginPages.java:27)
at pages.LoginPages.checkUserNameFieldPresence(LoginPages.java:27)
at pages.LoginPages.checkUserNameFieldPresence(LoginPages.java:27)
at pages.LoginPages.checkUserNameFieldPresence(LoginPages.java:27)
at pages.LoginPages.checkUserNameFieldPresence(LoginPages.java:27)
at pages.LoginPages.checkUserNameFieldPresence(LoginPages.java:27)
at pages.LoginPages.checkUserNameFieldPresence(LoginPages.java:27)
at pages.LoginPages.checkUserNameFieldPresence(LoginPages.java:27)
at pages.LoginPages.checkUserNameFieldPresence(LoginPages.java:27)
at pages.LoginPages.checkUserNameFieldPresence(LoginPages.java:27)
at pages.LoginPages.checkUserNameFieldPresence(LoginPages.java:27)
at pages.LoginPages.checkUserNameFieldPresence(LoginPages.java:27)
at pages.LoginPages.checkUserNameFieldPresence(LoginPages.java:27)
at pages.LoginPages.checkUserNameFieldPresence(LoginPages.java:27)
at pages.LoginPages.checkUserNameFieldPresence(LoginPages.java:27)
at pages.LoginPages.checkUserNameFieldPresence(LoginPages.java:27)
at pages.LoginPages.checkUserNameFieldPresence(LoginPages.java:27)
at pages.LoginPages.checkUserNameFieldPresence(LoginPages.java:27)
at pages.LoginPages.checkUserNameFieldPresence(LoginPages.java:27)
at pages.LoginPages.checkUserNameFieldPresence(LoginPages.java:27)
at pages.LoginPages.checkUserNameFieldPresence(LoginPages.java:27)
at pages.LoginPages.checkUserNameFieldPresence(LoginPages.java:27)
at pages.LoginPages.checkUserNameFieldPresence(LoginPages.java:27)
at pages.LoginPages.checkUserNameFieldPresence(LoginPages.java:27)
at pages.LoginPages.checkUserNameFieldPresence(LoginPages.java:27)
at pages.LoginPages.checkUserNameFieldPresence(LoginPages.java:27)
at pages.LoginPages.checkUserNameFieldPresence(LoginPages.java:27)
at pages.LoginPages.checkUserNameFieldPresence(LoginPages.java:27)
at pages.LoginPages.checkUserNameFieldPresence(LoginPages.java:27)
at pages.LoginPages.checkUserNameFieldPresence(LoginPages.java:27)
at pages.LoginPages.checkUserNameFieldPresence(LoginPages.java:27)
at pages.LoginPages.checkUserNameFieldPresence(LoginPages.java:27)
at pages.LoginPages.checkUserNameFieldPresence(LoginPages.java:27)
at pages.LoginPages.checkUserNameFieldPresence(LoginPages.java:27)
at pages.LoginPages.checkUserNameFieldPresence(LoginPages.java:27)
at pages.LoginPages.checkUserNameFieldPresence(LoginPages.java:27)
at pages.LoginPages.checkUserNameFieldPresence(LoginPages.java:27)
at pages.LoginPages.checkUserNameFieldPresence(LoginPages.java:27)
at pages.LoginPages.checkUserNameFieldPresence(LoginPages.java:27)
at pages.LoginPages.checkUserNameFieldPresence(LoginPages.java:27)
at pages.LoginPages.checkUserNameFieldPresence(LoginPages.java:27)
at pages.LoginPages.checkUserNameFieldPresence(LoginPages.java:27)
at pages.LoginPages.checkUserNameFieldPresence(LoginPages.java:27)
at pages.LoginPages.checkUserNameFieldPresence(LoginPages.java:27)
at pages.LoginPages.checkUserNameFieldPresence(LoginPages.java:27)
at pages.LoginPages.checkUserNameFieldPresence(LoginPages.java:27)
at pages.LoginPages.checkUserNameFieldPresence(LoginPages.java:27)
at pages.LoginPages.checkUserNameFieldPresence(LoginPages.java:27)
at pages.LoginPages.checkUserNameFieldPresence(LoginPages.java:27)
at pages.LoginPages.checkUserNameFieldPresence(LoginPages.java:27)
at pages.LoginPages.checkUserNameFieldPresence(LoginPages.java:27)
at pages.LoginPages.checkUserNameFieldPresence(LoginPages.java:27)
at pages.LoginPages.checkUserNameFieldPresence(LoginPages.java:27)
at pages.LoginPages.checkUserNameFieldPresence(LoginPages.java:27)
at pages.LoginPages.checkUserNameFieldPresence(LoginPages.java:27)
at pages.LoginPages.checkUserNameFieldPresence(LoginPages.java:27)
at pages.LoginPages.checkUserNameFieldPresence(LoginPages.java:27)
at pages.LoginPages.checkUserNameFieldPresence(LoginPages.java:27)
at pages.LoginPages.checkUserNameFieldPresence(LoginPages.java:27)
at pages.LoginPages.checkUserNameFieldPresence(LoginPages.java:27)
at pages.LoginPages.checkUserNameFieldPresence(LoginPages.java:27)
at pages.LoginPages.checkUserNameFieldPresence(LoginPages.java:27)
at pages.LoginPages.checkUserNameFieldPresence(LoginPages.java:27)
at pages.LoginPages.checkUserNameFieldPresence(LoginPages.java:27)
at pages.LoginPages.checkUserNameFieldPresence(LoginPages.java:27)
at pages.LoginPages.checkUserNameFieldPresence(LoginPages.java:27)
at pages.LoginPages.checkUserNameFieldPresence(LoginPages.java:27)
at pages.LoginPages.checkUserNameFieldPresence(LoginPages.java:27)
at pages.LoginPages.checkUserNameFieldPresence(LoginPages.java:27)
at pages.LoginPages.checkUserNameFieldPresence(LoginPages.java:27)
at pages.LoginPages.checkUserNameFieldPresence(LoginPages.java:27)
at pages.LoginPages.checkUserNameFieldPresence(LoginPages.java:27)
at pages.LoginPages.checkUserNameFieldPresence(LoginPages.java:27)
at pages.LoginPages.checkUserNameFieldPresence(LoginPages.java:27)
at pages.LoginPages.checkUserNameFieldPresence(LoginPages.java:27)
at pages.LoginPages.checkUserNameFieldPresence(LoginPages.java:27)
at pages.LoginPages.checkUserNameFieldPresence(LoginPages.java:27)
at pages.LoginPages.checkUserNameFieldPresence(LoginPages.java:27)
at pages.LoginPages.checkUserNameFieldPresence(LoginPages.java:27)
at pages.LoginPages.checkUserNameFieldPresence(LoginPages.java:27)
at pages.LoginPages.checkUserNameFieldPresence(LoginPages.java:27)
at pages.LoginPages.checkUserNameFieldPresence(LoginPages.java:27)
at pages.LoginPages.checkUserNameFieldPresence(LoginPages.java:27)
at pages.LoginPages.checkUserNameFieldPresence(LoginPages.java:27)
at pages.LoginPages.checkUserNameFieldPresence(LoginPages.java:27)
at pages.LoginPages.checkUserNameFieldPresence(LoginPages.java:27)
at pages.LoginPages.checkUserNameFieldPresence(LoginPages.java:27)
at pages.LoginPages.checkUserNameFieldPresence(LoginPages.java:27)
at pages.LoginPages.checkUserNameFieldPresence(LoginPages.java:27)
at pages.LoginPages.checkUserNameFieldPresence(LoginPages.java:27)
at pages.LoginPages.checkUserNameFieldPresence(LoginPages.java:27)
at pages.LoginPages.checkUserNameFieldPresence(LoginPages.java:27)
at pages.LoginPages.checkUserNameFieldPresence(LoginPages.java:27)
at pages.LoginPages.checkUserNameFieldPresence(LoginPages.java:27)
at pages.LoginPages.checkUserNameFieldPresence(LoginPages.java:27)
at pages.LoginPages.checkUserNameFieldPresence(LoginPages.java:27)
at pages.LoginPages.checkUserNameFieldPresence(LoginPages.java:27)
at pages.LoginPages.checkUserNameFieldPresence(LoginPages.java:27)
at pages.LoginPages.checkUserNameFieldPresence(LoginPages.java:27)
at pages.LoginPages.checkUserNameFieldPresence(LoginPages.java:27)
at pages.LoginPages.checkUserNameFieldPresence(LoginPages.java:27)
at pages.LoginPages.checkUserNameFieldPresence(LoginPages.java:27)
at pages.LoginPages.checkUserNameFieldPresence(LoginPages.java:27)
at pages.LoginPages.checkUserNameFieldPresence(LoginPages.java:27)
at pages.LoginPages.checkUserNameFieldPresence(LoginPages.java:27)
at pages.LoginPages.checkUserNameFieldPresence(LoginPages.java:27)
at pages.LoginPages.checkUserNameFieldPresence(LoginPages.java:27)
at pages.LoginPages.checkUserNameFieldPresence(LoginPages.java:27)
at pages.LoginPages.checkUserNameFieldPresence(LoginPages.java:27)
at pages.LoginPages.checkUserNameFieldPresence(LoginPages.java:27)
at pages.LoginPages.checkUserNameFieldPresence(LoginPages.java:27)
at pages.LoginPages.checkUserNameFieldPresence(LoginPages.java:27)
at pages.LoginPages.checkUserNameFieldPresence(LoginPages.java:27)
at pages.LoginPages.checkUserNameFieldPresence(LoginPages.java:27)
at pages.LoginPages.checkUserNameFieldPresence(LoginPages.java:27)
at pages.LoginPages.checkUserNameFieldPresence(LoginPages.java:27)
at pages.LoginPages.checkUserNameFieldPresence(LoginPages.java:27)
at pages.LoginPages.checkUserNameFieldPresence(LoginPages.java:27)
at pages.LoginPages.checkUserNameFieldPresence(LoginPages.java:27)
at pages.LoginPages.checkUserNameFieldPresence(LoginPages.java:27)
at pages.LoginPages.checkUserNameFieldPresence(LoginPages.java:27)
at pages.LoginPages.checkUserNameFieldPresence(LoginPages.java:27)
at pages.LoginPages.checkUserNameFieldPresence(LoginPages.java:27)
at pages.LoginPages.checkUserNameFieldPresence(LoginPages.java:27)
at pages.LoginPages.checkUserNameFieldPresence(LoginPages.java:27)
at pages.LoginPages.checkUserNameFieldPresence(LoginPages.java:27)
at pages.LoginPages.checkUserNameFieldPresence(LoginPages.java:27)
at pages.LoginPages.checkUserNameFieldPresence(LoginPages.java:27)
at pages.LoginPages.checkUserNameFieldPresence(LoginPages.java:27)
at pages.LoginPages.checkUserNameFieldPresence(LoginPages.java:27)
at pages.LoginPages.checkUserNameFieldPresence(LoginPages.java:27)
at pages.LoginPages.checkUserNameFieldPresence(LoginPages.java:27)
at pages.LoginPages.checkUserNameFieldPresence(LoginPages.java:27)
at pages.LoginPages.checkUserNameFieldPresence(LoginPages.java:27)
at pages.LoginPages.checkUserNameFieldPresence(LoginPages.java:27)
at pages.LoginPages.checkUserNameFieldPresence(LoginPages.java:27)
at pages.LoginPages.checkUserNameFieldPresence(LoginPages.java:27)
at pages.LoginPages.checkUserNameFieldPresence(LoginPages.java:27)
at pages.LoginPages.checkUserNameFieldPresence(LoginPages.java:27)
at pages.LoginPages.checkUserNameFieldPresence(LoginPages.java:27)
at pages.LoginPages.checkUserNameFieldPresence(LoginPages.java:27)
at pages.LoginPages.checkUserNameFieldPresence(LoginPages.java:27)
at pages.LoginPages.checkUserNameFieldPresence(LoginPages.java:27)
at pages.LoginPages.checkUserNameFieldPresence(LoginPages.java:27)
at pages.LoginPages.checkUserNameFieldPresence(LoginPages.java:27)
at pages.LoginPages.checkUserNameFieldPresence(LoginPages.java:27)
at pages.LoginPages.checkUserNameFieldPresence(LoginPages.java:27)
at pages.LoginPages.checkUserNameFieldPresence(LoginPages.java:27)
at pages.LoginPages.checkUserNameFieldPresence(LoginPages.java:27)
at pages.LoginPages.checkUserNameFieldPresence(LoginPages.java:27)
at pages.LoginPages.checkUserNameFieldPresence(LoginPages.java:27)
at pages.LoginPages.checkUserNameFieldPresence(LoginPages.java:27)
at pages.LoginPages.checkUserNameFieldPresence(LoginPages.java:27)
at pages.LoginPages.checkUserNameFieldPresence(LoginPages.java:27)
at pages.LoginPages.checkUserNameFieldPresence(LoginPages.java:27)
at pages.LoginPages.checkUserNameFieldPresence(LoginPages.java:27)
at pages.LoginPages.checkUserNameFieldPresence(LoginPages.java:27)
at pages.LoginPages.checkUserNameFieldPresence(LoginPages.java:27)
at pages.LoginPages.checkUserNameFieldPresence(LoginPages.java:27)
at pages.LoginPages.checkUserNameFieldPresence(LoginPages.java:27)
at pages.LoginPages.checkUserNameFieldPresence(LoginPages.java:27)
at pages.LoginPages.checkUserNameFieldPresence(LoginPages.java:27)
at pages.LoginPages.checkUserNameFieldPresence(LoginPages.java:27)
at pages.LoginPages.checkUserNameFieldPresence(LoginPages.java:27)
at pages.LoginPages.checkUserNameFieldPresence(LoginPages.java:27)
at pages.LoginPages.checkUserNameFieldPresence(LoginPages.java:27)
at pages.LoginPages.checkUserNameFieldPresence(LoginPages.java:27)
at pages.LoginPages.checkUserNameFieldPresence(LoginPages.java:27)
at pages.LoginPages.checkUserNameFieldPresence(LoginPages.java:27)
at pages.LoginPages.checkUserNameFieldPresence(LoginPages.java:27)
at pages.LoginPages.checkUserNameFieldPresence(LoginPages.java:27)
at pages.LoginPages.checkUserNameFieldPresence(LoginPages.java:27)
at pages.LoginPages.checkUserNameFieldPresence(LoginPages.java:27)
at pages.LoginPages.checkUserNameFieldPresence(LoginPages.java:27)
at pages.LoginPages.checkUserNameFieldPresence(LoginPages.java:27)
at pages.LoginPages.checkUserNameFieldPresence(LoginPages.java:27)
at pages.LoginPages.checkUserNameFieldPresence(LoginPages.java:27)
at pages.LoginPages.checkUserNameFieldPresence(LoginPages.java:27)
at pages.LoginPages.checkUserNameFieldPresence(LoginPages.java:27)
at pages.LoginPages.checkUserNameFieldPresence(LoginPages.java:27)
at pages.LoginPages.checkUserNameFieldPresence(LoginPages.java:27)
at pages.LoginPages.checkUserNameFieldPresence(LoginPages.java:27)
at pages.LoginPages.checkUserNameFieldPresence(LoginPages.java:27)
at pages.LoginPages.checkUserNameFieldPresence(LoginPages.java:27)
at pages.LoginPages.checkUserNameFieldPresence(LoginPages.java:27)
at pages.LoginPages.checkUserNameFieldPresence(LoginPages.java:27)
at pages.LoginPages.checkUserNameFieldPresence(LoginPages.java:27)
at pages.LoginPages.checkUserNameFieldPresence(LoginPages.java:27)
at pages.LoginPages.checkUserNameFieldPresence(LoginPages.java:27)
at pages.LoginPages.checkUserNameFieldPresence(LoginPages.java:27)
at pages.LoginPages.checkUserNameFieldPresence(LoginPages.java:27)
at pages.LoginPages.checkUserNameFieldPresence(LoginPages.java:27)
at pages.LoginPages.checkUserNameFieldPresence(LoginPages.java:27)
at pages.LoginPages.checkUserNameFieldPresence(LoginPages.java:27)
at pages.LoginPages.checkUserNameFieldPresence(LoginPages.java:27)
at pages.LoginPages.checkUserNameFieldPresence(LoginPages.java:27)
at pages.LoginPages.checkUserNameFieldPresence(LoginPages.java:27)
at pages.LoginPages.checkUserNameFieldPresence(LoginPages.java:27)
at pages.LoginPages.checkUserNameFieldPresence(LoginPages.java:27)
at pages.LoginPages.checkUserNameFieldPresence(LoginPages.java:27)
at pages.LoginPages.checkUserNameFieldPresence(LoginPages.java:27)
at pages.LoginPages.checkUserNameFieldPresence(LoginPages.java:27)
at pages.LoginPages.checkUserNameFieldPresence(LoginPages.java:27)
at pages.LoginPages.checkUserNameFieldPresence(LoginPages.java:27)
at pages.LoginPages.checkUserNameFieldPresence(LoginPages.java:27)
at pages.LoginPages.checkUserNameFieldPresence(LoginPages.java:27)
at pages.LoginPages.checkUserNameFieldPresence(LoginPages.java:27)
at pages.LoginPages.checkUserNameFieldPresence(LoginPages.java:27)
at pages.LoginPages.checkUserNameFieldPresence(LoginPages.java:27)
at pages.LoginPages.checkUserNameFieldPresence(LoginPages.java:27)
at pages.LoginPages.checkUserNameFieldPresence(LoginPages.java:27)
at pages.LoginPages.checkUserNameFieldPresence(LoginPages.java:27)
at pages.LoginPages.checkUserNameFieldPresence(LoginPages.java:27)
at pages.LoginPages.checkUserNameFieldPresence(LoginPages.java:27)
at pages.LoginPages.checkUserNameFieldPresence(LoginPages.java:27)
at pages.LoginPages.checkUserNameFieldPresence(LoginPages.java:27)
at pages.LoginPages.checkUserNameFieldPresence(LoginPages.java:27)
at pages.LoginPages.checkUserNameFieldPresence(LoginPages.java:27)
at pages.LoginPages.checkUserNameFieldPresence(LoginPages.java:27)
at pages.LoginPages.checkUserNameFieldPresence(LoginPages.java:27)
at pages.LoginPages.checkUserNameFieldPresence(LoginPages.java:27)
at pages.LoginPages.checkUserNameFieldPresence(LoginPages.java:27)
at pages.LoginPages.checkUserNameFieldPresence(LoginPages.java:27)
at pages.LoginPages.checkUserNameFieldPresence(LoginPages.java:27)
at pages.LoginPages.checkUserNameFieldPresence(LoginPages.java:27)
at pages.LoginPages.checkUserNameFieldPresence(LoginPages.java:27)
at pages.LoginPages.checkUserNameFieldPresence(LoginPages.java:27)
at pages.LoginPages.checkUserNameFieldPresence(LoginPages.java:27)
at pages.LoginPages.checkUserNameFieldPresence(LoginPages.java:27)
at pages.LoginPages.checkUserNameFieldPresence(LoginPages.java:27)
at pages.LoginPages.checkUserNameFieldPresence(LoginPages.java:27)
at pages.LoginPages.checkUserNameFieldPresence(LoginPages.java:27)
at pages.LoginPages.checkUserNameFieldPresence(LoginPages.java:27)
at pages.LoginPages.checkUserNameFieldPresence(LoginPages.java:27)
at pages.LoginPages.checkUserNameFieldPresence(LoginPages.java:27)
at pages.LoginPages.checkUserNameFieldPresence(LoginPages.java:27)
at pages.LoginPages.checkUserNameFieldPresence(LoginPages.java:27)
at pages.LoginPages.checkUserNameFieldPresence(LoginPages.java:27)
at pages.LoginPages.checkUserNameFieldPresence(LoginPages.java:27)
at pages.LoginPages.checkUserNameFieldPresence(LoginPages.java:27)
at pages.LoginPages.checkUserNameFieldPresence(LoginPages.java:27)
at pages.LoginPages.checkUserNameFieldPresence(LoginPages.java:27)
at pages.LoginPages.checkUserNameFieldPresence(LoginPages.java:27)
at pages.LoginPages.checkUserNameFieldPresence(LoginPages.java:27)
at pages.LoginPages.checkUserNameFieldPresence(LoginPages.java:27)
at pages.LoginPages.checkUserNameFieldPresence(LoginPages.java:27)
at pages.LoginPages.checkUserNameFieldPresence(LoginPages.java:27)
at pages.LoginPages.checkUserNameFieldPresence(LoginPages.java:27)
at pages.LoginPages.checkUserNameFieldPresence(LoginPages.java:27)
at pages.LoginPages.checkUserNameFieldPresence(LoginPages.java:27)
at pages.LoginPages.checkUserNameFieldPresence(LoginPages.java:27)
at pages.LoginPages.checkUserNameFieldPresence(LoginPages.java:27)
at pages.LoginPages.checkUserNameFieldPresence(LoginPages.java:27)
at pages.LoginPages.checkUserNameFieldPresence(LoginPages.java:27)
at pages.LoginPages.checkUserNameFieldPresence(LoginPages.java:27)
at pages.LoginPages.checkUserNameFieldPresence(LoginPages.java:27)
at pages.LoginPages.checkUserNameFieldPresence(LoginPages.java:27)
at pages.LoginPages.checkUserNameFieldPresence(LoginPages.java:27)
at pages.LoginPages.checkUserNameFieldPresence(LoginPages.java:27)
at pages.LoginPages.checkUserNameFieldPresence(LoginPages.java:27)
at pages.LoginPages.checkUserNameFieldPresence(LoginPages.java:27)
at pages.LoginPages.checkUserNameFieldPresence(LoginPages.java:27)
at pages.LoginPages.checkUserNameFieldPresence(LoginPages.java:27)
at pages.LoginPages.checkUserNameFieldPresence(LoginPages.java:27)
at pages.LoginPages.checkUserNameFieldPresence(LoginPages.java:27)
at pages.LoginPages.checkUserNameFieldPresence(LoginPages.java:27)
at pages.LoginPages.checkUserNameFieldPresence(LoginPages.java:27)
at pages.LoginPages.checkUserNameFieldPresence(LoginPages.java:27)
at pages.LoginPages.checkUserNameFieldPresence(LoginPages.java:27)
at pages.LoginPages.checkUserNameFieldPresence(LoginPages.java:27)
at pages.LoginPages.checkUserNameFieldPresence(LoginPages.java:27)
at pages.LoginPages.checkUserNameFieldPresence(LoginPages.java:27)
at pages.LoginPages.checkUserNameFieldPresence(LoginPages.java:27)
at pages.LoginPages.checkUserNameFieldPresence(LoginPages.java:27)
at pages.LoginPages.checkUserNameFieldPresence(LoginPages.java:27)
at pages.LoginPages.checkUserNameFieldPresence(LoginPages.java:27)
at pages.LoginPages.checkUserNameFieldPresence(LoginPages.java:27)
at pages.LoginPages.checkUserNameFieldPresence(LoginPages.java:27)
at pages.LoginPages.checkUserNameFieldPresence(LoginPages.java:27)
at pages.LoginPages.checkUserNameFieldPresence(LoginPages.java:27)
at pages.LoginPages.checkUserNameFieldPresence(LoginPages.java:27)
at pages.LoginPages.checkUserNameFieldPresence(LoginPages.java:27)
at pages.LoginPages.checkUserNameFieldPresence(LoginPages.java:27)
at pages.LoginPages.checkUserNameFieldPresence(LoginPages.java:27)
at pages.LoginPages.checkUserNameFieldPresence(LoginPages.java:27)
at pages.LoginPages.checkUserNameFieldPresence(LoginPages.java:27)
at pages.LoginPages.checkUserNameFieldPresence(LoginPages.java:27)
at pages.LoginPages.checkUserNameFieldPresence(LoginPages.java:27)
at pages.LoginPages.checkUserNameFieldPresence(LoginPages.java:27)
at pages.LoginPages.checkUserNameFieldPresence(LoginPages.java:27)
at pages.LoginPages.checkUserNameFieldPresence(LoginPages.java:27)
at pages.LoginPages.checkUserNameFieldPresence(LoginPages.java:27)
at pages.LoginPages.checkUserNameFieldPresence(LoginPages.java:27)
at pages.LoginPages.checkUserNameFieldPresence(LoginPages.java:27)
at pages.LoginPages.checkUserNameFieldPresence(LoginPages.java:27)
at pages.LoginPages.checkUserNameFieldPresence(LoginPages.java:27)
at pages.LoginPages.checkUserNameFieldPresence(LoginPages.java:27)
at pages.LoginPages.checkUserNameFieldPresence(LoginPages.java:27)
at pages.LoginPages.checkUserNameFieldPresence(LoginPages.java:27)
at pages.LoginPages.checkUserNameFieldPresence(LoginPages.java:27)
at pages.LoginPages.checkUserNameFieldPresence(LoginPages.java:27)
at pages.LoginPages.checkUserNameFieldPresence(LoginPages.java:27)
at pages.LoginPages.checkUserNameFieldPresence(LoginPages.java:27)
at pages.LoginPages.checkUserNameFieldPresence(LoginPages.java:27)
at pages.LoginPages.checkUserNameFieldPresence(LoginPages.java:27)
at pages.LoginPages.checkUserNameFieldPresence(LoginPages.java:27)
at pages.LoginPages.checkUserNameFieldPresence(LoginPages.java:27)
at pages.LoginPages.checkUserNameFieldPresence(LoginPages.java:27)
at pages.LoginPages.checkUserNameFieldPresence(LoginPages.java:27)
at com.saucedemo.HomePageTest.checkPresenceOfLoginPageComponents(BasicComponentTest.java:23)
at java.base/java.util.ArrayList.forEach(ArrayList.java:1511)
at com.intellij.rt.testng.IDEARemoteTestNG.run(IDEARemoteTestNG.java:66)
at com.intellij.rt.testng.RemoteTestNGStarter.main(RemoteTestNGStarter.java:109)
... Removed 25 stack frames]]>
    </failure>
  </testcase> <!-- checkPresenceOfLoginPageComponents -->
  <testcase classname="com.saucedemo.HomePageTest" name="checkUserLandOnTheRightWebsite" time="0.014"/>
</testsuite> <!-- basic components -->
