<?xml version="1.0" encoding="UTF-8"?>
<!-- Generated by org.testng.reporters.JUnitXMLReporter -->
<testsuite ignored="0" hostname="Sanjays-MacBook-Pro.local" failures="0" tests="5" name="Home Page" time="27.988" errors="0" timestamp="2022-07-08T18:21:58 EDT">
  <testcase classname="com.saucedemo.HomePageTest" name="CheckFooterCopyScriptAndPresence" time="3.362"/>
  <testcase classname="com.saucedemo.HomePageTest" name="CheckHomePageComponentPresence" time="3.543"/>
  <testcase classname="com.saucedemo.HomePageTest" name="CheckMenuBtnSideBar" time="2.401"/>
  <testcase classname="com.saucedemo.HomePageTest" name="PresenceOfHomePageComponents" time="0.399"/>
  <testcase classname="com.saucedemo.HomePageTest" name="clickOnTheMenuBtn" time="0.435"/>
</testsuite> <!-- Home Page -->
