<?xml version="1.0" encoding="UTF-8"?>
<!-- Generated by org.testng.reporters.JUnitXMLReporter -->
<testsuite ignored="0" hostname="Sanjays-MacBook-Pro.local" failures="0" tests="5" name="Home Page" time="20.955" errors="0" timestamp="2022-07-21T22:56:47 EDT">
  <testcase classname="com.saucedemo.HomePageTest" name="CheckFooterCopyScriptAndPresence" time="3.461"/>
  <testcase classname="com.saucedemo.HomePageTest" name="CheckHomePageComponentPresence" time="3.518"/>
  <testcase classname="com.saucedemo.HomePageTest" name="CheckMenuBtnSideBar" time="2.333"/>
  <testcase classname="com.saucedemo.HomePageTest" name="clickOnTheMenuBtn" time="0.341"/>
  <testcase classname="com.saucedemo.HomePageTest" name="PresenceOfHomePageComponents" time="0.238"/>
</testsuite> <!-- Home Page -->
