<?xml version="1.0" encoding="UTF-8"?>
<!-- Generated by org.testng.reporters.JUnitXMLReporter -->
<testsuite ignored="0" hostname="Sanjays-MacBook-Pro.local" failures="0" tests="3" name="Inventory Back Pack page" time="15.153" errors="0" timestamp="2022-07-21T22:57:02 EDT">
  <testcase classname="com.saucedemo.InventoryBackpackTest" name="ClickOnBackpackItem" time="2.313"/>
  <testcase classname="com.saucedemo.InventoryBackpackTest" name="VerifyBackpackItemDescriptionAndPrice" time="2.415"/>
  <testcase classname="com.saucedemo.InventoryBackpackTest" name="ClickOnBackpackAddToCart" time="2.369"/>
</testsuite> <!-- Inventory Back Pack page -->
