<?xml version="1.0" encoding="UTF-8"?>
<!-- Generated by org.testng.reporters.JUnitXMLReporter -->
<testsuite ignored="0" hostname="Sanjays-MacBook-Pro.local" failures="0" tests="3" name="Inventory Back Pack page" time="16.675" errors="0" timestamp="2022-07-10T00:14:21 EDT">
  <testcase classname="com.saucedemo.InventoryBackpackTest" name="ClickOnBackpackItem" time="2.599"/>
  <testcase classname="com.saucedemo.InventoryBackpackTest" name="VerifyBackpackItemDescription" time="2.516"/>
  <testcase classname="com.saucedemo.InventoryBackpackTest" name="ClickOnBackpackAddToCart" time="2.559"/>
</testsuite> <!-- Inventory Back Pack page -->
