<?xml version="1.0" encoding="UTF-8"?>
<!-- Generated by org.testng.reporters.JUnitXMLReporter -->
<testsuite ignored="0" hostname="Sanjays-MacBook-Pro.local" failures="0" tests="5" name="Login" time="16.222" errors="0" timestamp="2022-07-08T18:21:30 EDT">
  <testcase classname="com.saucedemo.LoginTest" name="LoginWithInvalidPassword" time="0.463"/>
  <testcase classname="com.saucedemo.LoginTest" name="LoginWithInvalidUsername" time="0.313"/>
  <testcase classname="com.saucedemo.LoginTest" name="LoginWithValidCredentials" time="0.451"/>
  <testcase classname="com.saucedemo.LoginTest" name="checkPresenceOfLoginPageComponents" time="0.161"/>
  <testcase classname="com.saucedemo.LoginTest" name="checkUserLandsOnTheRightWebsite" time="0.011"/>
</testsuite> <!-- Login -->
