<?xml version="1.0" encoding="UTF-8"?>
<!-- Generated by org.testng.reporters.JUnitXMLReporter -->
<testsuite ignored="0" hostname="Sanjays-MacBook-Pro.local" failures="0" tests="6" name="Login" time="15.51" errors="0" timestamp="2022-07-21T22:56:26 EDT">
  <testcase classname="com.saucedemo.LoginTest" name="LoginWithInvalidPassword" time="0.389"/>
  <testcase classname="com.saucedemo.LoginTest" name="LoginWithInvalidUsername" time="0.287"/>
  <testcase classname="com.saucedemo.LoginTest" name="LoginWithLockedOutUser" time="0.33"/>
  <testcase classname="com.saucedemo.LoginTest" name="LoginWithValidCredentials" time="0.333"/>
  <testcase classname="com.saucedemo.LoginTest" name="checkPresenceOfLoginPageComponents" time="0.143"/>
  <testcase classname="com.saucedemo.LoginTest" name="checkUserLandsOnTheRightWebsite" time="0.011"/>
</testsuite> <!-- Login -->
