<?xml version="1.0" encoding="UTF-8"?>
<!-- Generated by org.testng.reporters.JUnitXMLReporter -->
<testsuite ignored="0" hostname="Sanjays-MacBook-Pro.local" failures="0" tests="5" name="Home Page" time="27.058" errors="0" timestamp="2022-07-08T18:24:40 EDT">
  <testcase classname="com.saucedemo.HomePageTest" name="CheckFooterCopyScriptAndPresence" time="3.416"/>
  <testcase classname="com.saucedemo.HomePageTest" name="CheckHomePageComponentPresence" time="3.512"/>
  <testcase classname="com.saucedemo.HomePageTest" name="CheckMenuBtnSideBar" time="2.328"/>
  <testcase classname="com.saucedemo.HomePageTest" name="PresenceOfHomePageComponents" time="0.275"/>
  <testcase classname="com.saucedemo.HomePageTest" name="clickOnTheMenuBtn" time="0.31"/>
</testsuite> <!-- Home Page -->
