<?xml version="1.0" encoding="UTF-8"?>
<!-- Generated by org.testng.reporters.JUnitXMLReporter -->
<testsuite ignored="0" hostname="Sanjays-MacBook-Pro.local" failures="0" tests="5" name="Login" time="17.531" errors="0" timestamp="2022-07-08T18:24:13 EDT">
  <testcase classname="com.saucedemo.LoginTest" name="LoginWithInvalidPassword" time="0.437"/>
  <testcase classname="com.saucedemo.LoginTest" name="LoginWithInvalidUsername" time="0.328"/>
  <testcase classname="com.saucedemo.LoginTest" name="LoginWithValidCredentials" time="0.374"/>
  <testcase classname="com.saucedemo.LoginTest" name="checkPresenceOfLoginPageComponents" time="0.142"/>
  <testcase classname="com.saucedemo.LoginTest" name="checkUserLandsOnTheRightWebsite" time="0.006"/>
</testsuite> <!-- Login -->
