<?xml version="1.0" encoding="UTF-8"?>
<testng-results ignored="0" total="3" passed="3" failed="0" skipped="0">
  <reporter-output>
    <line>
      <![CDATA[Extent Report Directory/Users/sanjaysinghgussain/IdeaProjects/comlearnAutomation/test-output/html]]>
    </line>
  </reporter-output>
  <suite started-at="2022-07-11T10:04:44 EDT" name="saucedemo  test" finished-at="2022-07-11T10:05:04 EDT" duration-ms="19590">
    <groups>
    </groups>
    <test started-at="2022-07-11T10:04:44 EDT" name="Add Item to cart page" finished-at="2022-07-11T10:05:04 EDT" duration-ms="19590">
      <class name="com.saucedemo.AddItemToCartTest">
        <test-method is-config="true" signature="extentSetup(org.testng.ITestContext)[pri:0, instance:com.saucedemo.AddItemToCartTest@3bd40a57]" started-at="2022-07-11T10:04:44 EDT" name="extentSetup" finished-at="2022-07-11T10:04:44 EDT" duration-ms="207" status="PASS">
          <params>
            <param index="0">
              <value>
                <![CDATA[org.testng.TestRunner@49e4c2d5]]>
              </value>
            </param>
          </params>
          <reporter-output>
            <line>
              <![CDATA[Extent Report Directory/Users/sanjaysinghgussain/IdeaProjects/comlearnAutomation/test-output/html]]>
            </line>
          </reporter-output>
        </test-method> <!-- extentSetup -->
        <test-method is-config="true" signature="setUp(boolean,java.lang.String,java.lang.String,java.lang.String,java.lang.String,java.lang.String,java.lang.String)[pri:0, instance:com.saucedemo.AddItemToCartTest@3bd40a57]" started-at="2022-07-11T10:04:44 EDT" name="setUp" finished-at="2022-07-11T10:04:48 EDT" duration-ms="4111" status="PASS">
          <params>
            <param index="0">
              <value>
                <![CDATA[false]]>
              </value>
            </param>
            <param index="1">
              <value>
                <![CDATA[browserStack]]>
              </value>
            </param>
            <param index="2">
              <value>
                <![CDATA[OS X]]>
              </value>
            </param>
            <param index="3">
              <value>
                <![CDATA[10]]>
              </value>
            </param>
            <param index="4">
              <value>
                <![CDATA[chrome]]>
              </value>
            </param>
            <param index="5">
              <value>
                <![CDATA[Sierra]]>
              </value>
            </param>
            <param index="6">
              <value>
                <![CDATA[https://www.saucedemo.com/]]>
              </value>
            </param>
          </params>
          <reporter-output>
          </reporter-output>
        </test-method> <!-- setUp -->
        <test-method is-config="true" signature="startExtent(java.lang.reflect.Method)[pri:0, instance:com.saucedemo.AddItemToCartTest@3bd40a57]" started-at="2022-07-11T10:04:48 EDT" name="startExtent" finished-at="2022-07-11T10:04:48 EDT" duration-ms="7" status="PASS">
          <params>
            <param index="0">
              <value>
                <![CDATA[public void com.saucedemo.AddItemToCartTest.VerifyCheckoutBtn() throws java.lang.InterruptedException]]>
              </value>
            </param>
          </params>
          <reporter-output>
          </reporter-output>
        </test-method> <!-- startExtent -->
        <test-method signature="VerifyCheckoutBtn()[pri:0, instance:com.saucedemo.AddItemToCartTest@3bd40a57]" started-at="2022-07-11T10:04:48 EDT" name="VerifyCheckoutBtn" finished-at="2022-07-11T10:04:52 EDT" duration-ms="3655" status="PASS">
          <reporter-output>
          </reporter-output>
        </test-method> <!-- VerifyCheckoutBtn -->
        <test-method is-config="true" signature="afterEachTestMethod(org.testng.ITestResult)[pri:0, instance:com.saucedemo.AddItemToCartTest@3bd40a57]" started-at="2022-07-11T10:04:52 EDT" name="afterEachTestMethod" finished-at="2022-07-11T10:04:52 EDT" duration-ms="414" status="PASS">
          <params>
            <param index="0">
              <value>
                <![CDATA[[TestResult name=VerifyCheckoutBtn status=SUCCESS method=AddItemToCartTest.VerifyCheckoutBtn()[pri:0, instance:com.saucedemo.AddItemToCartTest@3bd40a57] output={null}]]]>
              </value>
            </param>
          </params>
          <reporter-output>
          </reporter-output>
        </test-method> <!-- afterEachTestMethod -->
        <test-method is-config="true" signature="setUp(boolean,java.lang.String,java.lang.String,java.lang.String,java.lang.String,java.lang.String,java.lang.String)[pri:0, instance:com.saucedemo.AddItemToCartTest@3bd40a57]" started-at="2022-07-11T10:04:52 EDT" name="setUp" finished-at="2022-07-11T10:04:54 EDT" duration-ms="1793" status="PASS">
          <params>
            <param index="0">
              <value>
                <![CDATA[false]]>
              </value>
            </param>
            <param index="1">
              <value>
                <![CDATA[browserStack]]>
              </value>
            </param>
            <param index="2">
              <value>
                <![CDATA[OS X]]>
              </value>
            </param>
            <param index="3">
              <value>
                <![CDATA[10]]>
              </value>
            </param>
            <param index="4">
              <value>
                <![CDATA[chrome]]>
              </value>
            </param>
            <param index="5">
              <value>
                <![CDATA[Sierra]]>
              </value>
            </param>
            <param index="6">
              <value>
                <![CDATA[https://www.saucedemo.com/]]>
              </value>
            </param>
          </params>
          <reporter-output>
          </reporter-output>
        </test-method> <!-- setUp -->
        <test-method is-config="true" signature="startExtent(java.lang.reflect.Method)[pri:0, instance:com.saucedemo.AddItemToCartTest@3bd40a57]" started-at="2022-07-11T10:04:54 EDT" name="startExtent" finished-at="2022-07-11T10:04:54 EDT" duration-ms="2" status="PASS">
          <params>
            <param index="0">
              <value>
                <![CDATA[public void com.saucedemo.AddItemToCartTest.VerifyContinueShoppingBtn() throws java.lang.InterruptedException]]>
              </value>
            </param>
          </params>
          <reporter-output>
          </reporter-output>
        </test-method> <!-- startExtent -->
        <test-method signature="VerifyContinueShoppingBtn()[pri:0, instance:com.saucedemo.AddItemToCartTest@3bd40a57]" started-at="2022-07-11T10:04:54 EDT" name="VerifyContinueShoppingBtn" finished-at="2022-07-11T10:04:58 EDT" duration-ms="3827" status="PASS">
          <reporter-output>
          </reporter-output>
        </test-method> <!-- VerifyContinueShoppingBtn -->
        <test-method is-config="true" signature="afterEachTestMethod(org.testng.ITestResult)[pri:0, instance:com.saucedemo.AddItemToCartTest@3bd40a57]" started-at="2022-07-11T10:04:58 EDT" name="afterEachTestMethod" finished-at="2022-07-11T10:04:58 EDT" duration-ms="232" status="PASS">
          <params>
            <param index="0">
              <value>
                <![CDATA[[TestResult name=VerifyContinueShoppingBtn status=SUCCESS method=AddItemToCartTest.VerifyContinueShoppingBtn()[pri:0, instance:com.saucedemo.AddItemToCartTest@3bd40a57] output={null}]]]>
              </value>
            </param>
          </params>
          <reporter-output>
          </reporter-output>
        </test-method> <!-- afterEachTestMethod -->
        <test-method is-config="true" signature="setUp(boolean,java.lang.String,java.lang.String,java.lang.String,java.lang.String,java.lang.String,java.lang.String)[pri:0, instance:com.saucedemo.AddItemToCartTest@3bd40a57]" started-at="2022-07-11T10:04:58 EDT" name="setUp" finished-at="2022-07-11T10:05:00 EDT" duration-ms="1753" status="PASS">
          <params>
            <param index="0">
              <value>
                <![CDATA[false]]>
              </value>
            </param>
            <param index="1">
              <value>
                <![CDATA[browserStack]]>
              </value>
            </param>
            <param index="2">
              <value>
                <![CDATA[OS X]]>
              </value>
            </param>
            <param index="3">
              <value>
                <![CDATA[10]]>
              </value>
            </param>
            <param index="4">
              <value>
                <![CDATA[chrome]]>
              </value>
            </param>
            <param index="5">
              <value>
                <![CDATA[Sierra]]>
              </value>
            </param>
            <param index="6">
              <value>
                <![CDATA[https://www.saucedemo.com/]]>
              </value>
            </param>
          </params>
          <reporter-output>
          </reporter-output>
        </test-method> <!-- setUp -->
        <test-method is-config="true" signature="startExtent(java.lang.reflect.Method)[pri:0, instance:com.saucedemo.AddItemToCartTest@3bd40a57]" started-at="2022-07-11T10:05:00 EDT" name="startExtent" finished-at="2022-07-11T10:05:00 EDT" duration-ms="1" status="PASS">
          <params>
            <param index="0">
              <value>
                <![CDATA[public void com.saucedemo.AddItemToCartTest.VerifyThePresenceComponentsOfCartPage() throws java.lang.InterruptedException]]>
              </value>
            </param>
          </params>
          <reporter-output>
          </reporter-output>
        </test-method> <!-- startExtent -->
        <test-method signature="VerifyThePresenceComponentsOfCartPage()[pri:0, instance:com.saucedemo.AddItemToCartTest@3bd40a57]" started-at="2022-07-11T10:05:00 EDT" name="VerifyThePresenceComponentsOfCartPage" finished-at="2022-07-11T10:05:03 EDT" duration-ms="3557" status="PASS">
          <reporter-output>
          </reporter-output>
        </test-method> <!-- VerifyThePresenceComponentsOfCartPage -->
        <test-method is-config="true" signature="afterEachTestMethod(org.testng.ITestResult)[pri:0, instance:com.saucedemo.AddItemToCartTest@3bd40a57]" started-at="2022-07-11T10:05:03 EDT" name="afterEachTestMethod" finished-at="2022-07-11T10:05:04 EDT" duration-ms="203" status="PASS">
          <params>
            <param index="0">
              <value>
                <![CDATA[[TestResult name=VerifyThePresenceComponentsOfCartPage status=SUCCESS method=AddItemToCartTest.VerifyThePresenceComponentsOfCartPage()[pri:0, instance:com.saucedemo.AddItemToCartTest@3bd40a57] output={null}]]]>
              </value>
            </param>
          </params>
          <reporter-output>
          </reporter-output>
        </test-method> <!-- afterEachTestMethod -->
        <test-method is-config="true" signature="generateReport()[pri:0, instance:com.saucedemo.AddItemToCartTest@3bd40a57]" started-at="2022-07-11T10:05:04 EDT" name="generateReport" finished-at="2022-07-11T10:05:04 EDT" duration-ms="24" status="PASS">
          <reporter-output>
          </reporter-output>
        </test-method> <!-- generateReport -->
      </class> <!-- com.saucedemo.AddItemToCartTest -->
    </test> <!-- Add Item to cart page -->
  </suite> <!-- saucedemo  test -->
</testng-results>
